2019-11-19 11:29:33,422 INFO PERFORMANCE:|0|0|-1|-1

2019-11-19 11:34:33,438 INFO PERFORMANCE:|0|0|-1|-1

2019-11-19 11:39:33,451 INFO PERFORMANCE:|0|0|-1|-1

2019-11-19 11:44:33,465 INFO PERFORMANCE:|0|0|-1|-1

2019-11-19 11:49:33,466 INFO PERFORMANCE:|0|0|-1|-1

2019-11-19 11:54:33,467 INFO PERFORMANCE:|0|0|-1|-1

2019-11-19 11:59:33,472 INFO PERFORMANCE:|0|0|-1|-1

2019-11-19 12:04:33,484 INFO PERFORMANCE:|0|0|-1|-1

2019-11-19 12:09:33,499 INFO PERFORMANCE:|0|0|-1|-1

2019-11-19 12:14:33,502 INFO PERFORMANCE:|0|0|-1|-1

2019-11-19 12:19:33,503 INFO PERFORMANCE:|0|0|-1|-1

2019-11-19 12:24:33,504 INFO PERFORMANCE:|0|0|-1|-1

2019-11-19 12:29:33,514 INFO PERFORMANCE:|0|0|-1|-1

2019-11-19 12:34:33,527 INFO PERFORMANCE:|0|0|-1|-1

2019-11-19 12:39:33,530 INFO PERFORMANCE:|0|0|-1|-1

2019-11-19 12:44:33,532 INFO PERFORMANCE:|0|0|-1|-1

2019-11-19 12:49:33,532 INFO PERFORMANCE:|0|0|-1|-1

2019-11-19 12:54:33,548 INFO PERFORMANCE:|0|0|-1|-1

2019-11-19 12:59:33,559 INFO PERFORMANCE:|0|0|-1|-1

2019-11-19 13:04:33,561 INFO PERFORMANCE:|0|0|-1|-1

2019-11-19 13:09:33,562 INFO PERFORMANCE:|0|0|-1|-1

2019-11-19 13:14:33,563 INFO PERFORMANCE:|0|0|-1|-1

2019-11-19 13:19:33,578 INFO PERFORMANCE:|0|0|-1|-1

2019-11-19 13:24:33,590 INFO PERFORMANCE:|0|0|-1|-1

2019-11-19 13:29:33,604 INFO PERFORMANCE:|0|0|-1|-1

2019-11-19 13:34:33,605 INFO PERFORMANCE:|0|0|-1|-1

2019-11-19 13:39:33,607 INFO PERFORMANCE:|0|0|-1|-1

2019-11-19 13:44:33,608 INFO PERFORMANCE:|0|0|-1|-1

2019-11-19 13:49:33,622 INFO PERFORMANCE:|0|0|-1|-1

2019-11-19 13:54:33,635 INFO PERFORMANCE:|0|0|-1|-1

2019-11-19 13:59:33,647 INFO PERFORMANCE:|0|0|-1|-1

2019-11-19 14:04:33,648 INFO PERFORMANCE:|0|0|-1|-1

2019-11-19 14:09:33,649 INFO PERFORMANCE:|0|0|-1|-1

2019-11-19 14:14:33,654 INFO PERFORMANCE:|0|0|-1|-1

2019-11-19 14:19:33,667 INFO PERFORMANCE:|0|0|-1|-1

2019-11-19 14:24:33,670 INFO PERFORMANCE:|0|0|-1|-1

2019-11-19 14:29:33,671 INFO PERFORMANCE:|0|0|-1|-1

2019-11-19 14:34:33,671 INFO PERFORMANCE:|0|0|-1|-1

2019-11-19 14:39:33,686 INFO PERFORMANCE:|0|0|-1|-1

2019-11-19 14:44:33,699 INFO PERFORMANCE:|0|0|-1|-1

2019-11-19 14:49:33,711 INFO PERFORMANCE:|0|0|-1|-1

2019-11-19 14:54:33,724 INFO PERFORMANCE:|0|0|-1|-1

2019-11-19 14:59:33,726 INFO PERFORMANCE:|0|0|-1|-1

2019-11-19 15:04:33,727 INFO PERFORMANCE:|0|0|-1|-1

2019-11-19 15:09:33,729 INFO PERFORMANCE:|0|0|-1|-1

2019-11-19 15:14:33,742 INFO PERFORMANCE:|0|0|-1|-1

2019-11-19 15:19:33,744 INFO PERFORMANCE:|0|0|-1|-1

2019-11-19 15:24:33,746 INFO PERFORMANCE:|0|0|-1|-1

2019-11-19 15:29:33,750 INFO PERFORMANCE:|0|0|-1|-1

2019-11-19 15:34:33,761 INFO PERFORMANCE:|0|0|-1|-1

2019-11-19 15:39:33,773 INFO PERFORMANCE:|0|0|-1|-1

2019-11-19 15:44:33,786 INFO PERFORMANCE:|0|0|-1|-1

2019-11-19 15:49:33,788 INFO PERFORMANCE:|0|0|-1|-1

2019-11-19 15:54:33,789 INFO PERFORMANCE:|0|0|-1|-1

2019-11-19 15:59:33,792 INFO PERFORMANCE:|0|0|-1|-1

2019-11-19 16:04:33,807 INFO PERFORMANCE:|0|0|-1|-1

2019-11-19 16:09:33,807 INFO PERFORMANCE:|0|0|-1|-1

2019-11-19 16:14:33,810 INFO PERFORMANCE:|0|0|-1|-1

2019-11-19 16:19:33,811 INFO PERFORMANCE:|0|0|-1|-1

2019-11-19 16:24:33,823 INFO PERFORMANCE:|0|0|-1|-1

2019-11-19 16:29:33,838 INFO PERFORMANCE:|0|0|-1|-1

2019-11-19 16:34:33,850 INFO PERFORMANCE:|0|0|-1|-1

2019-11-19 16:39:33,853 INFO PERFORMANCE:|0|0|-1|-1

2019-11-19 16:44:33,854 INFO PERFORMANCE:|0|0|-1|-1

2019-11-19 16:49:33,859 INFO PERFORMANCE:|0|0|-1|-1

2019-11-19 16:54:33,860 INFO PERFORMANCE:|0|0|-1|-1

2019-11-19 16:59:33,861 INFO PERFORMANCE:|0|0|-1|-1

2019-11-19 17:04:33,862 INFO PERFORMANCE:|0|0|-1|-1

2019-11-19 17:09:33,864 INFO PERFORMANCE:|0|0|-1|-1

2019-11-19 17:14:33,865 INFO PERFORMANCE:|0|0|-1|-1

2019-11-19 17:19:33,866 INFO PERFORMANCE:|0|0|-1|-1

2019-11-19 17:24:33,867 INFO PERFORMANCE:|0|0|-1|-1

2019-11-19 17:29:33,869 INFO PERFORMANCE:|0|0|-1|-1

2019-11-19 17:34:33,870 INFO PERFORMANCE:|0|0|-1|-1

2019-11-19 17:39:33,872 INFO PERFORMANCE:|0|0|-1|-1

2019-11-19 17:44:33,874 INFO PERFORMANCE:|0|0|-1|-1

2019-11-19 17:49:33,875 INFO PERFORMANCE:|0|0|-1|-1

